<?xml version="1.0" encoding="UTF-8"?>
<!-- Generated by org.testng.reporters.JUnitReportReporter -->
<testsuite hostname="DESKTOP-LRO9C4E" failures="0" tests="1" name="com.amazon.action.tests.AmazonTest" time="7.301" errors="0" timestamp="2024-10-20T20:10:01 IST" skipped="0">
  <testcase classname="com.amazon.action.tests.AmazonTest" name="testAmazonLogoIsDisplayed" time="7.301"/>
</testsuite> <!-- com.amazon.action.tests.AmazonTest -->
