<?xml version="1.0" encoding="UTF-8"?>
<!-- Generated by org.testng.reporters.JUnitReportReporter -->
<testsuite hostname="DESKTOP-LRO9C4E" failures="0" tests="7" name="com.amazon.action.tests.TestPage" time="98.176" errors="0" timestamp="2024-10-21T18:59:05 IST" skipped="0">
  <testcase classname="com.amazon.action.tests.TestPage" name="testSearchBoxIsDisplayed" time="9.331"/>
  <testcase classname="com.amazon.action.tests.TestPage" name="testSearchItem" time="11.609"/>
  <testcase classname="com.amazon.action.tests.TestPage" name="testAmazonLogoIsDisplayed" time="6.351"/>
  <testcase classname="com.amazon.action.tests.TestPage" name="testGoToTodaysDeals" time="12.951"/>
  <testcase classname="com.amazon.action.tests.TestPage" name="testSearchFunctionality" time="11.766"/>
  <testcase classname="com.amazon.action.tests.TestPage" name="testSearchBoxClear" time="33.017"/>
  <testcase classname="com.amazon.action.tests.TestPage" name="testDoubleClickSearchBox" time="13.151"/>
</testsuite> <!-- com.amazon.action.tests.TestPage -->
